<?xml version="1.0" encoding="UTF-8"?>
<!-- Generated by org.testng.reporters.JUnitReportReporter -->
<testsuite hostname="DESKTOP-05M6Q0M" name="org.navy.Merchant$LoginTestingClass" tests="2" failures="0" timestamp="9 Aug 2023 05:28:11 GMT" time="0.041" errors="0">
  <testcase name="tc" time="0.029" classname="org.navy.Merchant$LoginTestingClass"/>
  <testcase name="tc02" time="0.012" classname="org.navy.Merchant$LoginTestingClass"/>
</testsuite> <!-- org.navy.Merchant$LoginTestingClass -->
